[debug] [2024-05-30T23:22:17.189Z] ----------------------------------------------------------------------
[debug] [2024-05-30T23:22:17.192Z] Command:       C:\Program Files\nodejs\node.exe C:\Users\acanas\AppData\Roaming\npm\node_modules\firebase-tools\lib\bin\firebase.js deploy
[debug] [2024-05-30T23:22:17.192Z] CLI Version:   13.10.2
[debug] [2024-05-30T23:22:17.192Z] Platform:      win32
[debug] [2024-05-30T23:22:17.192Z] Node Version:  v20.12.2
[debug] [2024-05-30T23:22:17.192Z] Time:          Thu May 30 2024 18:22:17 GMT-0500 (hora estándar de Colombia)
[debug] [2024-05-30T23:22:17.193Z] ----------------------------------------------------------------------
[debug] 
[debug] [2024-05-30T23:22:17.260Z] > command requires scopes: ["email","openid","https://www.googleapis.com/auth/cloudplatformprojects.readonly","https://www.googleapis.com/auth/firebase","https://www.googleapis.com/auth/cloud-platform"]
[debug] [2024-05-30T23:22:17.261Z] > authorizing via signed-in user (alejoc0314@gmail.com)
[debug] [2024-05-30T23:22:17.261Z] [iam] checking project platempre1957 for permissions ["firebase.projects.get","firebasehosting.sites.update"]
[debug] [2024-05-30T23:22:17.263Z] >>> [apiv2][query] POST https://cloudresourcemanager.googleapis.com/v1/projects/platempre1957:testIamPermissions [none]
[debug] [2024-05-30T23:22:17.263Z] >>> [apiv2][(partial)header] POST https://cloudresourcemanager.googleapis.com/v1/projects/platempre1957:testIamPermissions x-goog-quota-user=projects/platempre1957
[debug] [2024-05-30T23:22:17.263Z] >>> [apiv2][body] POST https://cloudresourcemanager.googleapis.com/v1/projects/platempre1957:testIamPermissions {"permissions":["firebase.projects.get","firebasehosting.sites.update"]}
[debug] [2024-05-30T23:22:17.850Z] <<< [apiv2][status] POST https://cloudresourcemanager.googleapis.com/v1/projects/platempre1957:testIamPermissions 200
[debug] [2024-05-30T23:22:17.850Z] <<< [apiv2][body] POST https://cloudresourcemanager.googleapis.com/v1/projects/platempre1957:testIamPermissions {"permissions":["firebase.projects.get","firebasehosting.sites.update"]}
[debug] [2024-05-30T23:22:17.851Z] >>> [apiv2][query] GET https://firebase.googleapis.com/v1beta1/projects/platempre1957 [none]
[debug] [2024-05-30T23:22:18.220Z] <<< [apiv2][status] GET https://firebase.googleapis.com/v1beta1/projects/platempre1957 200
[debug] [2024-05-30T23:22:18.220Z] <<< [apiv2][body] GET https://firebase.googleapis.com/v1beta1/projects/platempre1957 {"projectId":"platempre1957","projectNumber":"883467561520","displayName":"platempre1928","name":"projects/platempre1957","resources":{"hostingSite":"platempre1957"},"state":"ACTIVE","etag":"1_15f26ef5-c4a4-4479-9010-f881ecf9d564"}
[info] 
[info] === Deploying to 'platempre1957'...
[info] 
[info] i  deploying hosting 
[debug] [2024-05-30T23:22:18.225Z] >>> [apiv2][query] POST https://firebasehosting.googleapis.com/v1beta1/projects/-/sites/platempre1957/versions [none]
[debug] [2024-05-30T23:22:18.225Z] >>> [apiv2][body] POST https://firebasehosting.googleapis.com/v1beta1/projects/-/sites/platempre1957/versions {"status":"CREATED","labels":{"deployment-tool":"cli-firebase"}}
[debug] [2024-05-30T23:22:19.032Z] <<< [apiv2][status] POST https://firebasehosting.googleapis.com/v1beta1/projects/-/sites/platempre1957/versions 200
[debug] [2024-05-30T23:22:19.032Z] <<< [apiv2][body] POST https://firebasehosting.googleapis.com/v1beta1/projects/-/sites/platempre1957/versions {"name":"projects/883467561520/sites/platempre1957/versions/4fd33dfb7361fa0d","status":"CREATED","config":{},"labels":{"deployment-tool":"cli-firebase"}}
[info] i  hosting[platempre1957]: beginning deploy... 
[info] i  hosting[platempre1957]: found 18 files in dist/my-store/browser 
[debug] [2024-05-30T23:22:19.042Z] [hosting] uploading with 200 concurrency
[debug] [2024-05-30T23:22:19.046Z] [hosting] hash cache [ZGlzdFxteS1zdG9yZVxicm93c2Vy] stored for 18 files
[debug] [2024-05-30T23:22:19.047Z] [hosting][hash queue][FINAL] {"max":2,"min":0,"avg":0,"active":0,"complete":18,"success":18,"errored":0,"retried":0,"total":18,"elapsed":4}
[debug] [2024-05-30T23:22:19.047Z] >>> [apiv2][query] POST https://firebasehosting.googleapis.com/v1beta1/projects/883467561520/sites/platempre1957/versions/4fd33dfb7361fa0d:populateFiles [none]
[debug] [2024-05-30T23:22:19.047Z] >>> [apiv2][body] POST https://firebasehosting.googleapis.com/v1beta1/projects/883467561520/sites/platempre1957/versions/4fd33dfb7361fa0d:populateFiles {"files":{"/favicon.ico":"13e329200c1dd292bbeff147ddb8efa7436cb997581e65bcfaa8d2c37bdaa805","/index.html":"bf0442fd4291d2bf919afc395cc60d3ab49bd3491806ab035e28301e0e8f052a","/main-4ONUKQD2.js":"b83f58b397704775f94fad9b319af22b65465a82a1724a8adbf0dfd15f4e96a3","/polyfills-A7MJM4D4.js":"7756b8b41c82a0a87e6caf58b0a6230718270d00dbe0be49235c47528e7fd4a2","/styles-2Z5QJVRX.css":"7a558d00d4f3f14dd71c86ee5d3762ead43b2c690cd5ccdb16493a4b321b38c8","/assets/css/font-awesome.min.css":"78d32881b8a2a88ead1fce6bd2e6b0670e5381b0d199adf9cd1e58590326cba0","/assets/fonts/fontawesome-webfont.ttf":"372cd1aecf58263d38b3dd9c528d48ab6189595bd4e2bd4b54e8d74dd87fb9e6","/assets/fonts/fontawesome-webfont.woff":"a4cc74e90c1b2992a6d1d91ce437da34397bef2aa8b19ee86cff55ec128e5123","/assets/fonts/fontawesome-webfont.woff2":"c357887b03b3a509e604eae4e139c645a9a0688a175d2059ae9ccb83a31fbe10","/assets/images/carousel-first.jpg":"55518190b090b0b3d466aab481b4d019c2c05f1b367a7ad0f4e49a6f836dde37","/assets/images/platempre-logo.png":"ddeb4452e124224bdea8a776dffef319a3225e8a68bd60122af2b1bd7d598bbf","/assets/svg/bt_added_to_cart.svg":"09595ae7d92cfd4d3d1c5bf38ec0d84eebae0d156bbda791efa2fd24c986d37f","/assets/svg/bt_add_to_cart.svg":"6a69d1031379a571ea6d9256ea8fc6b7a7bbf00d1fe764683187b8266c006080","/assets/svg/icon_menu.svg":"fcbc3575e01ed16882f7e131a03e86409599ab36d6ef09af99edaa98d2914429","/assets/svg/icon_shopping_cart.svg":"a371f44b3d889da5c207c387a73713859de88f373b54ab814aa9383129fe6e66","/assets/svg/icon_shopping_cart_notification.svg":"958c860863891209ad2d492fbad844a0ca82ba9d6095cb9d856483121d80b6b3","/assets/svg/logo_yard_sale.svg":"29219d22c492512a69e95188584a6426d6282bb2b7b1c1cd82cbc46f15a0839c","/media/carousel-first-RYQH5BHB.jpg":"55518190b090b0b3d466aab481b4d019c2c05f1b367a7ad0f4e49a6f836dde37"}}
[debug] [2024-05-30T23:22:19.218Z] <<< [apiv2][status] POST https://firebasehosting.googleapis.com/v1beta1/projects/883467561520/sites/platempre1957/versions/4fd33dfb7361fa0d:populateFiles 200
[debug] [2024-05-30T23:22:19.218Z] <<< [apiv2][body] POST https://firebasehosting.googleapis.com/v1beta1/projects/883467561520/sites/platempre1957/versions/4fd33dfb7361fa0d:populateFiles {"uploadUrl":"https://upload-firebasehosting.googleapis.com/upload/sites/platempre1957/versions/4fd33dfb7361fa0d/files"}
[debug] [2024-05-30T23:22:19.218Z] [hosting][populate queue][FINAL] {"max":173,"min":173,"avg":173,"active":0,"complete":1,"success":1,"errored":0,"retried":0,"total":1,"elapsed":173}
[debug] [2024-05-30T23:22:19.218Z] [hosting] uploads queued: 0
[debug] [2024-05-30T23:22:19.218Z] [hosting][upload queue][FINAL] {"max":0,"min":9999999999,"avg":0,"active":0,"complete":0,"success":0,"errored":0,"retried":0,"total":0,"elapsed":1717111339218}
[info] +  hosting[platempre1957]: file upload complete 
[debug] [2024-05-30T23:22:19.219Z] [hosting] deploy completed after 185ms
[debug] [2024-05-30T23:22:19.219Z] [
  {
    "config": {
      "public": "dist/my-store/browser",
      "ignore": [
        "firebase.json",
        "**/.*",
        "**/node_modules/**"
      ],
      "rewrites": [
        {
          "source": "**",
          "destination": "/index.html"
        }
      ],
      "site": "platempre1957"
    },
    "version": "projects/883467561520/sites/platempre1957/versions/4fd33dfb7361fa0d"
  }
]
[info] i  hosting[platempre1957]: finalizing version... 
[debug] [2024-05-30T23:22:19.221Z] >>> [apiv2][query] PATCH https://firebasehosting.googleapis.com/v1beta1/projects/-/sites/platempre1957/versions/4fd33dfb7361fa0d updateMask=status%2Cconfig
[debug] [2024-05-30T23:22:19.221Z] >>> [apiv2][body] PATCH https://firebasehosting.googleapis.com/v1beta1/projects/-/sites/platempre1957/versions/4fd33dfb7361fa0d {"status":"FINALIZED","config":{"rewrites":[{"glob":"**","path":"/index.html"}]}}
